<?xml version="1.0" encoding="UTF-8"?>
<!-- Generated by org.testng.reporters.JUnitReportReporter -->
<testsuite hostname="MohanishGhate" failures="0" tests="1" name="com.fbs.seleniumpractice.ExampleTest" time="3.538" errors="0" timestamp="2023-07-22T19:10:46 IST" skipped="0">
  <testcase classname="com.fbs.seleniumpractice.ExampleTest" name="test" time="3.538"/>
  <system-out/>
</testsuite> <!-- com.fbs.seleniumpractice.ExampleTest -->
